<?xml version="1.0" encoding="UTF-8"?>
<testsuite xmlns:xsi="http://www.w3.org/2001/XMLSchema-instance" xsi:noNamespaceSchemaLocation="https://maven.apache.org/surefire/maven-surefire-plugin/xsd/surefire-test-report.xsd" name="org.nati.grade.PetclinicIntegrationTests" time="8.639" tests="1" errors="1" skipped="0" failures="0">
  <properties>
    <property name="sun.desktop" value="gnome"/>
    <property name="awt.toolkit" value="sun.awt.X11.XToolkit"/>
    <property name="java.specification.version" value="11"/>
    <property name="sun.cpu.isalist" value=""/>
    <property name="sun.jnu.encoding" value="UTF-8"/>
    <property name="java.class.path" value="/home/eric/workspaces/workspaceWeb/nati/springbootGettingStarted/natiChallenge/target/test-classes:/home/eric/workspaces/workspaceWeb/nati/springbootGettingStarted/natiChallenge/target/classes:/home/eric/.m2/repository/org/springframework/boot/spring-boot-starter-actuator/2.1.3.RELEASE/spring-boot-starter-actuator-2.1.3.RELEASE.jar:/home/eric/.m2/repository/org/springframework/boot/spring-boot-starter/2.1.3.RELEASE/spring-boot-starter-2.1.3.RELEASE.jar:/home/eric/.m2/repository/org/springframework/boot/spring-boot-starter-logging/2.1.3.RELEASE/spring-boot-starter-logging-2.1.3.RELEASE.jar:/home/eric/.m2/repository/ch/qos/logback/logback-classic/1.2.3/logback-classic-1.2.3.jar:/home/eric/.m2/repository/ch/qos/logback/logback-core/1.2.3/logback-core-1.2.3.jar:/home/eric/.m2/repository/org/apache/logging/log4j/log4j-to-slf4j/2.11.2/log4j-to-slf4j-2.11.2.jar:/home/eric/.m2/repository/org/apache/logging/log4j/log4j-api/2.11.2/log4j-api-2.11.2.jar:/home/eric/.m2/repository/org/slf4j/jul-to-slf4j/1.7.25/jul-to-slf4j-1.7.25.jar:/home/eric/.m2/repository/javax/annotation/javax.annotation-api/1.3.2/javax.annotation-api-1.3.2.jar:/home/eric/.m2/repository/org/yaml/snakeyaml/1.23/snakeyaml-1.23.jar:/home/eric/.m2/repository/org/springframework/boot/spring-boot-actuator-autoconfigure/2.1.3.RELEASE/spring-boot-actuator-autoconfigure-2.1.3.RELEASE.jar:/home/eric/.m2/repository/org/springframework/boot/spring-boot-actuator/2.1.3.RELEASE/spring-boot-actuator-2.1.3.RELEASE.jar:/home/eric/.m2/repository/com/fasterxml/jackson/core/jackson-databind/2.9.8/jackson-databind-2.9.8.jar:/home/eric/.m2/repository/com/fasterxml/jackson/core/jackson-annotations/2.9.0/jackson-annotations-2.9.0.jar:/home/eric/.m2/repository/org/springframework/spring-context/5.1.5.RELEASE/spring-context-5.1.5.RELEASE.jar:/home/eric/.m2/repository/com/fasterxml/jackson/datatype/jackson-datatype-jsr310/2.9.8/jackson-datatype-jsr310-2.9.8.jar:/home/eric/.m2/repository/io/micrometer/micrometer-core/1.1.3/micrometer-core-1.1.3.jar:/home/eric/.m2/repository/org/hdrhistogram/HdrHistogram/2.1.9/HdrHistogram-2.1.9.jar:/home/eric/.m2/repository/org/latencyutils/LatencyUtils/2.0.3/LatencyUtils-2.0.3.jar:/home/eric/.m2/repository/org/springframework/boot/spring-boot-starter-cache/2.1.3.RELEASE/spring-boot-starter-cache-2.1.3.RELEASE.jar:/home/eric/.m2/repository/org/springframework/spring-context-support/5.1.5.RELEASE/spring-context-support-5.1.5.RELEASE.jar:/home/eric/.m2/repository/org/springframework/spring-beans/5.1.5.RELEASE/spring-beans-5.1.5.RELEASE.jar:/home/eric/.m2/repository/org/springframework/boot/spring-boot-starter-data-jpa/2.1.3.RELEASE/spring-boot-starter-data-jpa-2.1.3.RELEASE.jar:/home/eric/.m2/repository/org/springframework/boot/spring-boot-starter-aop/2.1.3.RELEASE/spring-boot-starter-aop-2.1.3.RELEASE.jar:/home/eric/.m2/repository/org/springframework/spring-aop/5.1.5.RELEASE/spring-aop-5.1.5.RELEASE.jar:/home/eric/.m2/repository/org/aspectj/aspectjweaver/1.9.2/aspectjweaver-1.9.2.jar:/home/eric/.m2/repository/org/springframework/boot/spring-boot-starter-jdbc/2.1.3.RELEASE/spring-boot-starter-jdbc-2.1.3.RELEASE.jar:/home/eric/.m2/repository/com/zaxxer/HikariCP/3.2.0/HikariCP-3.2.0.jar:/home/eric/.m2/repository/org/springframework/spring-jdbc/5.1.5.RELEASE/spring-jdbc-5.1.5.RELEASE.jar:/home/eric/.m2/repository/javax/transaction/javax.transaction-api/1.3/javax.transaction-api-1.3.jar:/home/eric/.m2/repository/javax/xml/bind/jaxb-api/2.3.1/jaxb-api-2.3.1.jar:/home/eric/.m2/repository/javax/activation/javax.activation-api/1.2.0/javax.activation-api-1.2.0.jar:/home/eric/.m2/repository/org/hibernate/hibernate-core/5.3.7.Final/hibernate-core-5.3.7.Final.jar:/home/eric/.m2/repository/org/jboss/logging/jboss-logging/3.3.2.Final/jboss-logging-3.3.2.Final.jar:/home/eric/.m2/repository/javax/persistence/javax.persistence-api/2.2/javax.persistence-api-2.2.jar:/home/eric/.m2/repository/org/javassist/javassist/3.23.1-GA/javassist-3.23.1-GA.jar:/home/eric/.m2/repository/net/bytebuddy/byte-buddy/1.9.10/byte-buddy-1.9.10.jar:/home/eric/.m2/repository/antlr/antlr/2.7.7/antlr-2.7.7.jar:/home/eric/.m2/repository/org/jboss/jandex/2.0.5.Final/jandex-2.0.5.Final.jar:/home/eric/.m2/repository/com/fasterxml/classmate/1.4.0/classmate-1.4.0.jar:/home/eric/.m2/repository/org/dom4j/dom4j/2.1.1/dom4j-2.1.1.jar:/home/eric/.m2/repository/org/hibernate/common/hibernate-commons-annotations/5.0.4.Final/hibernate-commons-annotations-5.0.4.Final.jar:/home/eric/.m2/repository/org/springframework/data/spring-data-jpa/2.1.5.RELEASE/spring-data-jpa-2.1.5.RELEASE.jar:/home/eric/.m2/repository/org/springframework/data/spring-data-commons/2.1.5.RELEASE/spring-data-commons-2.1.5.RELEASE.jar:/home/eric/.m2/repository/org/springframework/spring-orm/5.1.5.RELEASE/spring-orm-5.1.5.RELEASE.jar:/home/eric/.m2/repository/org/springframework/spring-tx/5.1.5.RELEASE/spring-tx-5.1.5.RELEASE.jar:/home/eric/.m2/repository/org/springframework/spring-aspects/5.1.5.RELEASE/spring-aspects-5.1.5.RELEASE.jar:/home/eric/.m2/repository/org/springframework/boot/spring-boot-starter-web/2.1.3.RELEASE/spring-boot-starter-web-2.1.3.RELEASE.jar:/home/eric/.m2/repository/org/springframework/boot/spring-boot-starter-json/2.1.3.RELEASE/spring-boot-starter-json-2.1.3.RELEASE.jar:/home/eric/.m2/repository/com/fasterxml/jackson/datatype/jackson-datatype-jdk8/2.9.8/jackson-datatype-jdk8-2.9.8.jar:/home/eric/.m2/repository/com/fasterxml/jackson/module/jackson-module-parameter-names/2.9.8/jackson-module-parameter-names-2.9.8.jar:/home/eric/.m2/repository/org/springframework/boot/spring-boot-starter-tomcat/2.1.3.RELEASE/spring-boot-starter-tomcat-2.1.3.RELEASE.jar:/home/eric/.m2/repository/org/apache/tomcat/embed/tomcat-embed-core/9.0.16/tomcat-embed-core-9.0.16.jar:/home/eric/.m2/repository/org/apache/tomcat/embed/tomcat-embed-el/9.0.16/tomcat-embed-el-9.0.16.jar:/home/eric/.m2/repository/org/apache/tomcat/embed/tomcat-embed-websocket/9.0.16/tomcat-embed-websocket-9.0.16.jar:/home/eric/.m2/repository/org/hibernate/validator/hibernate-validator/6.0.14.Final/hibernate-validator-6.0.14.Final.jar:/home/eric/.m2/repository/javax/validation/validation-api/2.0.1.Final/validation-api-2.0.1.Final.jar:/home/eric/.m2/repository/org/springframework/spring-web/5.1.5.RELEASE/spring-web-5.1.5.RELEASE.jar:/home/eric/.m2/repository/org/springframework/spring-webmvc/5.1.5.RELEASE/spring-webmvc-5.1.5.RELEASE.jar:/home/eric/.m2/repository/org/springframework/spring-expression/5.1.5.RELEASE/spring-expression-5.1.5.RELEASE.jar:/home/eric/.m2/repository/org/springframework/boot/spring-boot-starter-thymeleaf/2.1.3.RELEASE/spring-boot-starter-thymeleaf-2.1.3.RELEASE.jar:/home/eric/.m2/repository/org/thymeleaf/thymeleaf-spring5/3.0.11.RELEASE/thymeleaf-spring5-3.0.11.RELEASE.jar:/home/eric/.m2/repository/org/thymeleaf/thymeleaf/3.0.11.RELEASE/thymeleaf-3.0.11.RELEASE.jar:/home/eric/.m2/repository/org/attoparser/attoparser/2.0.5.RELEASE/attoparser-2.0.5.RELEASE.jar:/home/eric/.m2/repository/org/unbescape/unbescape/1.1.6.RELEASE/unbescape-1.1.6.RELEASE.jar:/home/eric/.m2/repository/org/thymeleaf/extras/thymeleaf-extras-java8time/3.0.3.RELEASE/thymeleaf-extras-java8time-3.0.3.RELEASE.jar:/home/eric/.m2/repository/org/springframework/boot/spring-boot-starter-test/2.1.3.RELEASE/spring-boot-starter-test-2.1.3.RELEASE.jar:/home/eric/.m2/repository/org/springframework/boot/spring-boot-test/2.1.3.RELEASE/spring-boot-test-2.1.3.RELEASE.jar:/home/eric/.m2/repository/org/springframework/boot/spring-boot-test-autoconfigure/2.1.3.RELEASE/spring-boot-test-autoconfigure-2.1.3.RELEASE.jar:/home/eric/.m2/repository/com/jayway/jsonpath/json-path/2.4.0/json-path-2.4.0.jar:/home/eric/.m2/repository/net/minidev/json-smart/2.3/json-smart-2.3.jar:/home/eric/.m2/repository/net/minidev/accessors-smart/1.2/accessors-smart-1.2.jar:/home/eric/.m2/repository/org/ow2/asm/asm/5.0.4/asm-5.0.4.jar:/home/eric/.m2/repository/junit/junit/4.12/junit-4.12.jar:/home/eric/.m2/repository/org/assertj/assertj-core/3.11.1/assertj-core-3.11.1.jar:/home/eric/.m2/repository/org/mockito/mockito-core/2.23.4/mockito-core-2.23.4.jar:/home/eric/.m2/repository/net/bytebuddy/byte-buddy-agent/1.9.10/byte-buddy-agent-1.9.10.jar:/home/eric/.m2/repository/org/objenesis/objenesis/2.6/objenesis-2.6.jar:/home/eric/.m2/repository/org/hamcrest/hamcrest-core/1.3/hamcrest-core-1.3.jar:/home/eric/.m2/repository/org/hamcrest/hamcrest-library/1.3/hamcrest-library-1.3.jar:/home/eric/.m2/repository/org/skyscreamer/jsonassert/1.5.0/jsonassert-1.5.0.jar:/home/eric/.m2/repository/com/vaadin/external/google/android-json/0.0.20131108.vaadin1/android-json-0.0.20131108.vaadin1.jar:/home/eric/.m2/repository/org/springframework/spring-core/5.1.5.RELEASE/spring-core-5.1.5.RELEASE.jar:/home/eric/.m2/repository/org/springframework/spring-jcl/5.1.5.RELEASE/spring-jcl-5.1.5.RELEASE.jar:/home/eric/.m2/repository/org/springframework/spring-test/5.1.5.RELEASE/spring-test-5.1.5.RELEASE.jar:/home/eric/.m2/repository/org/xmlunit/xmlunit-core/2.6.2/xmlunit-core-2.6.2.jar:/home/eric/.m2/repository/org/hsqldb/hsqldb/2.4.1/hsqldb-2.4.1.jar:/home/eric/.m2/repository/mysql/mysql-connector-java/8.0.15/mysql-connector-java-8.0.15.jar:/home/eric/.m2/repository/javax/cache/cache-api/1.1.0/cache-api-1.1.0.jar:/home/eric/.m2/repository/org/ehcache/ehcache/3.6.3/ehcache-3.6.3.jar:/home/eric/.m2/repository/org/slf4j/slf4j-api/1.7.25/slf4j-api-1.7.25.jar:/home/eric/.m2/repository/org/webjars/webjars-locator-core/0.35/webjars-locator-core-0.35.jar:/home/eric/.m2/repository/org/apache/commons/commons-lang3/3.8.1/commons-lang3-3.8.1.jar:/home/eric/.m2/repository/org/apache/commons/commons-compress/1.9/commons-compress-1.9.jar:/home/eric/.m2/repository/com/fasterxml/jackson/core/jackson-core/2.9.8/jackson-core-2.9.8.jar:/home/eric/.m2/repository/org/webjars/jquery/2.2.4/jquery-2.2.4.jar:/home/eric/.m2/repository/org/webjars/jquery-ui/1.11.4/jquery-ui-1.11.4.jar:/home/eric/.m2/repository/org/webjars/bootstrap/3.3.6/bootstrap-3.3.6.jar:/home/eric/.m2/repository/org/springframework/boot/spring-boot-devtools/2.1.3.RELEASE/spring-boot-devtools-2.1.3.RELEASE.jar:/home/eric/.m2/repository/org/springframework/boot/spring-boot/2.1.3.RELEASE/spring-boot-2.1.3.RELEASE.jar:/home/eric/.m2/repository/org/springframework/boot/spring-boot-autoconfigure/2.1.3.RELEASE/spring-boot-autoconfigure-2.1.3.RELEASE.jar:"/>
    <property name="java.vm.vendor" value="Oracle Corporation"/>
    <property name="sun.arch.data.model" value="64"/>
    <property name="java.vendor.url" value="http://java.oracle.com/"/>
    <property name="user.timezone" value=""/>
    <property name="user.country.format" value="BR"/>
    <property name="java.vm.specification.version" value="11"/>
    <property name="os.name" value="Linux"/>
    <property name="sun.java.launcher" value="SUN_STANDARD"/>
    <property name="user.country" value="US"/>
    <property name="sun.boot.library.path" value="/usr/lib/jvm/java-11-openjdk-amd64/lib"/>
    <property name="sun.java.command" value="/home/eric/workspaces/workspaceWeb/nati/springbootGettingStarted/natiChallenge/target/surefire/surefirebooter1205694745677772376.jar /home/eric/workspaces/workspaceWeb/nati/springbootGettingStarted/natiChallenge/target/surefire 2019-03-30T13-18-02_883-jvmRun1 surefire10440076733824343477tmp surefire_012093779862952674841tmp"/>
    <property name="jdk.debug" value="release"/>
    <property name="surefire.test.class.path" value="/home/eric/workspaces/workspaceWeb/nati/springbootGettingStarted/natiChallenge/target/test-classes:/home/eric/workspaces/workspaceWeb/nati/springbootGettingStarted/natiChallenge/target/classes:/home/eric/.m2/repository/org/springframework/boot/spring-boot-starter-actuator/2.1.3.RELEASE/spring-boot-starter-actuator-2.1.3.RELEASE.jar:/home/eric/.m2/repository/org/springframework/boot/spring-boot-starter/2.1.3.RELEASE/spring-boot-starter-2.1.3.RELEASE.jar:/home/eric/.m2/repository/org/springframework/boot/spring-boot-starter-logging/2.1.3.RELEASE/spring-boot-starter-logging-2.1.3.RELEASE.jar:/home/eric/.m2/repository/ch/qos/logback/logback-classic/1.2.3/logback-classic-1.2.3.jar:/home/eric/.m2/repository/ch/qos/logback/logback-core/1.2.3/logback-core-1.2.3.jar:/home/eric/.m2/repository/org/apache/logging/log4j/log4j-to-slf4j/2.11.2/log4j-to-slf4j-2.11.2.jar:/home/eric/.m2/repository/org/apache/logging/log4j/log4j-api/2.11.2/log4j-api-2.11.2.jar:/home/eric/.m2/repository/org/slf4j/jul-to-slf4j/1.7.25/jul-to-slf4j-1.7.25.jar:/home/eric/.m2/repository/javax/annotation/javax.annotation-api/1.3.2/javax.annotation-api-1.3.2.jar:/home/eric/.m2/repository/org/yaml/snakeyaml/1.23/snakeyaml-1.23.jar:/home/eric/.m2/repository/org/springframework/boot/spring-boot-actuator-autoconfigure/2.1.3.RELEASE/spring-boot-actuator-autoconfigure-2.1.3.RELEASE.jar:/home/eric/.m2/repository/org/springframework/boot/spring-boot-actuator/2.1.3.RELEASE/spring-boot-actuator-2.1.3.RELEASE.jar:/home/eric/.m2/repository/com/fasterxml/jackson/core/jackson-databind/2.9.8/jackson-databind-2.9.8.jar:/home/eric/.m2/repository/com/fasterxml/jackson/core/jackson-annotations/2.9.0/jackson-annotations-2.9.0.jar:/home/eric/.m2/repository/org/springframework/spring-context/5.1.5.RELEASE/spring-context-5.1.5.RELEASE.jar:/home/eric/.m2/repository/com/fasterxml/jackson/datatype/jackson-datatype-jsr310/2.9.8/jackson-datatype-jsr310-2.9.8.jar:/home/eric/.m2/repository/io/micrometer/micrometer-core/1.1.3/micrometer-core-1.1.3.jar:/home/eric/.m2/repository/org/hdrhistogram/HdrHistogram/2.1.9/HdrHistogram-2.1.9.jar:/home/eric/.m2/repository/org/latencyutils/LatencyUtils/2.0.3/LatencyUtils-2.0.3.jar:/home/eric/.m2/repository/org/springframework/boot/spring-boot-starter-cache/2.1.3.RELEASE/spring-boot-starter-cache-2.1.3.RELEASE.jar:/home/eric/.m2/repository/org/springframework/spring-context-support/5.1.5.RELEASE/spring-context-support-5.1.5.RELEASE.jar:/home/eric/.m2/repository/org/springframework/spring-beans/5.1.5.RELEASE/spring-beans-5.1.5.RELEASE.jar:/home/eric/.m2/repository/org/springframework/boot/spring-boot-starter-data-jpa/2.1.3.RELEASE/spring-boot-starter-data-jpa-2.1.3.RELEASE.jar:/home/eric/.m2/repository/org/springframework/boot/spring-boot-starter-aop/2.1.3.RELEASE/spring-boot-starter-aop-2.1.3.RELEASE.jar:/home/eric/.m2/repository/org/springframework/spring-aop/5.1.5.RELEASE/spring-aop-5.1.5.RELEASE.jar:/home/eric/.m2/repository/org/aspectj/aspectjweaver/1.9.2/aspectjweaver-1.9.2.jar:/home/eric/.m2/repository/org/springframework/boot/spring-boot-starter-jdbc/2.1.3.RELEASE/spring-boot-starter-jdbc-2.1.3.RELEASE.jar:/home/eric/.m2/repository/com/zaxxer/HikariCP/3.2.0/HikariCP-3.2.0.jar:/home/eric/.m2/repository/org/springframework/spring-jdbc/5.1.5.RELEASE/spring-jdbc-5.1.5.RELEASE.jar:/home/eric/.m2/repository/javax/transaction/javax.transaction-api/1.3/javax.transaction-api-1.3.jar:/home/eric/.m2/repository/javax/xml/bind/jaxb-api/2.3.1/jaxb-api-2.3.1.jar:/home/eric/.m2/repository/javax/activation/javax.activation-api/1.2.0/javax.activation-api-1.2.0.jar:/home/eric/.m2/repository/org/hibernate/hibernate-core/5.3.7.Final/hibernate-core-5.3.7.Final.jar:/home/eric/.m2/repository/org/jboss/logging/jboss-logging/3.3.2.Final/jboss-logging-3.3.2.Final.jar:/home/eric/.m2/repository/javax/persistence/javax.persistence-api/2.2/javax.persistence-api-2.2.jar:/home/eric/.m2/repository/org/javassist/javassist/3.23.1-GA/javassist-3.23.1-GA.jar:/home/eric/.m2/repository/net/bytebuddy/byte-buddy/1.9.10/byte-buddy-1.9.10.jar:/home/eric/.m2/repository/antlr/antlr/2.7.7/antlr-2.7.7.jar:/home/eric/.m2/repository/org/jboss/jandex/2.0.5.Final/jandex-2.0.5.Final.jar:/home/eric/.m2/repository/com/fasterxml/classmate/1.4.0/classmate-1.4.0.jar:/home/eric/.m2/repository/org/dom4j/dom4j/2.1.1/dom4j-2.1.1.jar:/home/eric/.m2/repository/org/hibernate/common/hibernate-commons-annotations/5.0.4.Final/hibernate-commons-annotations-5.0.4.Final.jar:/home/eric/.m2/repository/org/springframework/data/spring-data-jpa/2.1.5.RELEASE/spring-data-jpa-2.1.5.RELEASE.jar:/home/eric/.m2/repository/org/springframework/data/spring-data-commons/2.1.5.RELEASE/spring-data-commons-2.1.5.RELEASE.jar:/home/eric/.m2/repository/org/springframework/spring-orm/5.1.5.RELEASE/spring-orm-5.1.5.RELEASE.jar:/home/eric/.m2/repository/org/springframework/spring-tx/5.1.5.RELEASE/spring-tx-5.1.5.RELEASE.jar:/home/eric/.m2/repository/org/springframework/spring-aspects/5.1.5.RELEASE/spring-aspects-5.1.5.RELEASE.jar:/home/eric/.m2/repository/org/springframework/boot/spring-boot-starter-web/2.1.3.RELEASE/spring-boot-starter-web-2.1.3.RELEASE.jar:/home/eric/.m2/repository/org/springframework/boot/spring-boot-starter-json/2.1.3.RELEASE/spring-boot-starter-json-2.1.3.RELEASE.jar:/home/eric/.m2/repository/com/fasterxml/jackson/datatype/jackson-datatype-jdk8/2.9.8/jackson-datatype-jdk8-2.9.8.jar:/home/eric/.m2/repository/com/fasterxml/jackson/module/jackson-module-parameter-names/2.9.8/jackson-module-parameter-names-2.9.8.jar:/home/eric/.m2/repository/org/springframework/boot/spring-boot-starter-tomcat/2.1.3.RELEASE/spring-boot-starter-tomcat-2.1.3.RELEASE.jar:/home/eric/.m2/repository/org/apache/tomcat/embed/tomcat-embed-core/9.0.16/tomcat-embed-core-9.0.16.jar:/home/eric/.m2/repository/org/apache/tomcat/embed/tomcat-embed-el/9.0.16/tomcat-embed-el-9.0.16.jar:/home/eric/.m2/repository/org/apache/tomcat/embed/tomcat-embed-websocket/9.0.16/tomcat-embed-websocket-9.0.16.jar:/home/eric/.m2/repository/org/hibernate/validator/hibernate-validator/6.0.14.Final/hibernate-validator-6.0.14.Final.jar:/home/eric/.m2/repository/javax/validation/validation-api/2.0.1.Final/validation-api-2.0.1.Final.jar:/home/eric/.m2/repository/org/springframework/spring-web/5.1.5.RELEASE/spring-web-5.1.5.RELEASE.jar:/home/eric/.m2/repository/org/springframework/spring-webmvc/5.1.5.RELEASE/spring-webmvc-5.1.5.RELEASE.jar:/home/eric/.m2/repository/org/springframework/spring-expression/5.1.5.RELEASE/spring-expression-5.1.5.RELEASE.jar:/home/eric/.m2/repository/org/springframework/boot/spring-boot-starter-thymeleaf/2.1.3.RELEASE/spring-boot-starter-thymeleaf-2.1.3.RELEASE.jar:/home/eric/.m2/repository/org/thymeleaf/thymeleaf-spring5/3.0.11.RELEASE/thymeleaf-spring5-3.0.11.RELEASE.jar:/home/eric/.m2/repository/org/thymeleaf/thymeleaf/3.0.11.RELEASE/thymeleaf-3.0.11.RELEASE.jar:/home/eric/.m2/repository/org/attoparser/attoparser/2.0.5.RELEASE/attoparser-2.0.5.RELEASE.jar:/home/eric/.m2/repository/org/unbescape/unbescape/1.1.6.RELEASE/unbescape-1.1.6.RELEASE.jar:/home/eric/.m2/repository/org/thymeleaf/extras/thymeleaf-extras-java8time/3.0.3.RELEASE/thymeleaf-extras-java8time-3.0.3.RELEASE.jar:/home/eric/.m2/repository/org/springframework/boot/spring-boot-starter-test/2.1.3.RELEASE/spring-boot-starter-test-2.1.3.RELEASE.jar:/home/eric/.m2/repository/org/springframework/boot/spring-boot-test/2.1.3.RELEASE/spring-boot-test-2.1.3.RELEASE.jar:/home/eric/.m2/repository/org/springframework/boot/spring-boot-test-autoconfigure/2.1.3.RELEASE/spring-boot-test-autoconfigure-2.1.3.RELEASE.jar:/home/eric/.m2/repository/com/jayway/jsonpath/json-path/2.4.0/json-path-2.4.0.jar:/home/eric/.m2/repository/net/minidev/json-smart/2.3/json-smart-2.3.jar:/home/eric/.m2/repository/net/minidev/accessors-smart/1.2/accessors-smart-1.2.jar:/home/eric/.m2/repository/org/ow2/asm/asm/5.0.4/asm-5.0.4.jar:/home/eric/.m2/repository/junit/junit/4.12/junit-4.12.jar:/home/eric/.m2/repository/org/assertj/assertj-core/3.11.1/assertj-core-3.11.1.jar:/home/eric/.m2/repository/org/mockito/mockito-core/2.23.4/mockito-core-2.23.4.jar:/home/eric/.m2/repository/net/bytebuddy/byte-buddy-agent/1.9.10/byte-buddy-agent-1.9.10.jar:/home/eric/.m2/repository/org/objenesis/objenesis/2.6/objenesis-2.6.jar:/home/eric/.m2/repository/org/hamcrest/hamcrest-core/1.3/hamcrest-core-1.3.jar:/home/eric/.m2/repository/org/hamcrest/hamcrest-library/1.3/hamcrest-library-1.3.jar:/home/eric/.m2/repository/org/skyscreamer/jsonassert/1.5.0/jsonassert-1.5.0.jar:/home/eric/.m2/repository/com/vaadin/external/google/android-json/0.0.20131108.vaadin1/android-json-0.0.20131108.vaadin1.jar:/home/eric/.m2/repository/org/springframework/spring-core/5.1.5.RELEASE/spring-core-5.1.5.RELEASE.jar:/home/eric/.m2/repository/org/springframework/spring-jcl/5.1.5.RELEASE/spring-jcl-5.1.5.RELEASE.jar:/home/eric/.m2/repository/org/springframework/spring-test/5.1.5.RELEASE/spring-test-5.1.5.RELEASE.jar:/home/eric/.m2/repository/org/xmlunit/xmlunit-core/2.6.2/xmlunit-core-2.6.2.jar:/home/eric/.m2/repository/org/hsqldb/hsqldb/2.4.1/hsqldb-2.4.1.jar:/home/eric/.m2/repository/mysql/mysql-connector-java/8.0.15/mysql-connector-java-8.0.15.jar:/home/eric/.m2/repository/javax/cache/cache-api/1.1.0/cache-api-1.1.0.jar:/home/eric/.m2/repository/org/ehcache/ehcache/3.6.3/ehcache-3.6.3.jar:/home/eric/.m2/repository/org/slf4j/slf4j-api/1.7.25/slf4j-api-1.7.25.jar:/home/eric/.m2/repository/org/webjars/webjars-locator-core/0.35/webjars-locator-core-0.35.jar:/home/eric/.m2/repository/org/apache/commons/commons-lang3/3.8.1/commons-lang3-3.8.1.jar:/home/eric/.m2/repository/org/apache/commons/commons-compress/1.9/commons-compress-1.9.jar:/home/eric/.m2/repository/com/fasterxml/jackson/core/jackson-core/2.9.8/jackson-core-2.9.8.jar:/home/eric/.m2/repository/org/webjars/jquery/2.2.4/jquery-2.2.4.jar:/home/eric/.m2/repository/org/webjars/jquery-ui/1.11.4/jquery-ui-1.11.4.jar:/home/eric/.m2/repository/org/webjars/bootstrap/3.3.6/bootstrap-3.3.6.jar:/home/eric/.m2/repository/org/springframework/boot/spring-boot-devtools/2.1.3.RELEASE/spring-boot-devtools-2.1.3.RELEASE.jar:/home/eric/.m2/repository/org/springframework/boot/spring-boot/2.1.3.RELEASE/spring-boot-2.1.3.RELEASE.jar:/home/eric/.m2/repository/org/springframework/boot/spring-boot-autoconfigure/2.1.3.RELEASE/spring-boot-autoconfigure-2.1.3.RELEASE.jar:"/>
    <property name="sun.cpu.endian" value="little"/>
    <property name="user.home" value="/home/eric"/>
    <property name="user.language" value="en"/>
    <property name="java.specification.vendor" value="Oracle Corporation"/>
    <property name="java.version.date" value="2018-10-16"/>
    <property name="java.home" value="/usr/lib/jvm/java-11-openjdk-amd64"/>
    <property name="file.separator" value="/"/>
    <property name="basedir" value="/home/eric/workspaces/workspaceWeb/nati/springbootGettingStarted/natiChallenge"/>
    <property name="java.vm.compressedOopsMode" value="32-bit"/>
    <property name="line.separator" value="&#10;"/>
    <property name="java.specification.name" value="Java Platform API Specification"/>
    <property name="java.vm.specification.vendor" value="Oracle Corporation"/>
    <property name="java.awt.graphicsenv" value="sun.awt.X11GraphicsEnvironment"/>
    <property name="surefire.real.class.path" value="/home/eric/workspaces/workspaceWeb/nati/springbootGettingStarted/natiChallenge/target/surefire/surefirebooter1205694745677772376.jar"/>
    <property name="sun.management.compiler" value="HotSpot 64-Bit Tiered Compilers"/>
    <property name="java.runtime.version" value="11.0.1+13-Ubuntu-3ubuntu3.18.10.1"/>
    <property name="user.name" value="eric"/>
    <property name="path.separator" value=":"/>
    <property name="os.version" value="4.18.0-16-generic"/>
    <property name="java.runtime.name" value="OpenJDK Runtime Environment"/>
    <property name="file.encoding" value="UTF-8"/>
    <property name="java.vm.name" value="OpenJDK 64-Bit Server VM"/>
    <property name="localRepository" value="/home/eric/.m2/repository"/>
    <property name="java.vendor.url.bug" value="http://bugreport.java.com/bugreport/"/>
    <property name="java.io.tmpdir" value="/tmp"/>
    <property name="java.version" value="11.0.1"/>
    <property name="user.dir" value="/home/eric/workspaces/workspaceWeb/nati/springbootGettingStarted/natiChallenge"/>
    <property name="os.arch" value="amd64"/>
    <property name="java.vm.specification.name" value="Java Virtual Machine Specification"/>
    <property name="java.awt.printerjob" value="sun.print.PSPrinterJob"/>
    <property name="user.language.format" value="pt"/>
    <property name="sun.os.patch.level" value="unknown"/>
    <property name="java.library.path" value="/usr/java/packages/lib:/usr/lib/x86_64-linux-gnu/jni:/lib/x86_64-linux-gnu:/usr/lib/x86_64-linux-gnu:/usr/lib/jni:/lib:/usr/lib"/>
    <property name="java.vendor" value="Oracle Corporation"/>
    <property name="java.vm.info" value="mixed mode, sharing"/>
    <property name="java.vm.version" value="11.0.1+13-Ubuntu-3ubuntu3.18.10.1"/>
    <property name="sun.io.unicode.encoding" value="UnicodeLittle"/>
    <property name="java.class.version" value="55.0"/>
  </properties>
  <testcase name="testFindAll" classname="org.nati.grade.PetclinicIntegrationTests" time="0.193">
    <error message="could not extract ResultSet; SQL [n/a]; nested exception is org.hibernate.exception.SQLGrammarException: could not extract ResultSet" type="org.springframework.dao.InvalidDataAccessResourceUsageException">org.springframework.dao.InvalidDataAccessResourceUsageException: could not extract ResultSet; SQL [n/a]; nested exception is org.hibernate.exception.SQLGrammarException: could not extract ResultSet
	at org.nati.grade.PetclinicIntegrationTests.testFindAll(PetclinicIntegrationTests.java:36)
Caused by: org.hibernate.exception.SQLGrammarException: could not extract ResultSet
	at org.nati.grade.PetclinicIntegrationTests.testFindAll(PetclinicIntegrationTests.java:36)
Caused by: java.sql.SQLSyntaxErrorException: Table 'petclinic.vets' doesn't exist
	at org.nati.grade.PetclinicIntegrationTests.testFindAll(PetclinicIntegrationTests.java:36)
</error>
    <system-out><![CDATA[2019-03-30 13:18:40.497  INFO 11986 --- [           main] .b.t.c.SpringBootTestContextBootstrapper : Neither @ContextConfiguration nor @ContextHierarchy found for test class [org.nati.grade.PetclinicIntegrationTests], using SpringBootContextLoader
2019-03-30 13:18:40.500  INFO 11986 --- [           main] o.s.t.c.support.AbstractContextLoader    : Could not detect default resource locations for test class [org.nati.grade.PetclinicIntegrationTests]: no resource found for suffixes {-context.xml, Context.groovy}.
2019-03-30 13:18:40.500  INFO 11986 --- [           main] t.c.s.AnnotationConfigContextLoaderUtils : Could not detect default configuration classes for test class [org.nati.grade.PetclinicIntegrationTests]: PetclinicIntegrationTests does not declare any static, non-private, non-final, nested classes annotated with @Configuration.
2019-03-30 13:18:40.513  INFO 11986 --- [           main] .b.t.c.SpringBootTestContextBootstrapper : Found @SpringBootConfiguration org.nati.grade.PetClinicApplication for test class org.nati.grade.PetclinicIntegrationTests
2019-03-30 13:18:40.518  INFO 11986 --- [           main] .b.t.c.SpringBootTestContextBootstrapper : Loaded default TestExecutionListener class names from location [META-INF/spring.factories]: [org.springframework.boot.test.mock.mockito.MockitoTestExecutionListener, org.springframework.boot.test.mock.mockito.ResetMocksTestExecutionListener, org.springframework.boot.test.autoconfigure.restdocs.RestDocsTestExecutionListener, org.springframework.boot.test.autoconfigure.web.client.MockRestServiceServerResetTestExecutionListener, org.springframework.boot.test.autoconfigure.web.servlet.MockMvcPrintOnlyOnFailureTestExecutionListener, org.springframework.boot.test.autoconfigure.web.servlet.WebDriverTestExecutionListener, org.springframework.test.context.web.ServletTestExecutionListener, org.springframework.test.context.support.DirtiesContextBeforeModesTestExecutionListener, org.springframework.test.context.support.DependencyInjectionTestExecutionListener, org.springframework.test.context.support.DirtiesContextTestExecutionListener, org.springframework.test.context.transaction.TransactionalTestExecutionListener, org.springframework.test.context.jdbc.SqlScriptsTestExecutionListener]
2019-03-30 13:18:40.527  INFO 11986 --- [           main] .b.t.c.SpringBootTestContextBootstrapper : Using TestExecutionListeners: [org.springframework.test.context.web.ServletTestExecutionListener@5f5670c0, org.springframework.test.context.support.DirtiesContextBeforeModesTestExecutionListener@161493d6, org.springframework.boot.test.mock.mockito.MockitoTestExecutionListener@2f1f26f0, org.springframework.boot.test.autoconfigure.SpringBootDependencyInjectionTestExecutionListener@c41c13, org.springframework.test.context.support.DirtiesContextTestExecutionListener@6cf8acbb, org.springframework.test.context.transaction.TransactionalTestExecutionListener@5e4008d1, org.springframework.test.context.jdbc.SqlScriptsTestExecutionListener@83e8d4f, org.springframework.boot.test.mock.mockito.ResetMocksTestExecutionListener@28ba2cdf, org.springframework.boot.test.autoconfigure.restdocs.RestDocsTestExecutionListener@18ed007, org.springframework.boot.test.autoconfigure.web.client.MockRestServiceServerResetTestExecutionListener@5fd65667, org.springframework.boot.test.autoconfigure.web.servlet.MockMvcPrintOnlyOnFailureTestExecutionListener@237efc27, org.springframework.boot.test.autoconfigure.web.servlet.WebDriverTestExecutionListener@5adbe043]


              |\      _,,,--,,_
             /,`.-'`'   ._  \-;;,_
  _______ __|,4-  ) )_   .;.(__`'-'__     ___ __    _ ___ _______
 |       | '---''(_/._)-'(_\_)   |   |   |   |  |  | |   |       |
 |    _  |    ___|_     _|       |   |   |   |   |_| |   |       | __ _ _
 |   |_| |   |___  |   | |       |   |   |   |       |   |       | \ \ \ \
 |    ___|    ___| |   | |      _|   |___|   |  _    |   |      _|  \ \ \ \
 |   |   |   |___  |   | |     |_|       |   | | |   |   |     |_    ) ) ) )
 |___|   |_______| |___| |_______|_______|___|_|  |__|___|_______|  / / / /
 ==================================================================/_/_/_/

:: Built with Spring Boot :: 2.1.3.RELEASE


2019-03-30 13:18:40.567  INFO 11986 --- [           main] o.s.s.p.PetclinicIntegrationTests        : Starting PetclinicIntegrationTests on eric-S46CA with PID 11986 (started by eric in /home/eric/workspaces/workspaceWeb/nati/springbootGettingStarted/natiChallenge)
2019-03-30 13:18:40.569  INFO 11986 --- [           main] o.s.s.p.PetclinicIntegrationTests        : No active profile set, falling back to default profiles: default
2019-03-30 13:18:42.125  INFO 11986 --- [           main] .s.d.r.c.RepositoryConfigurationDelegate : Bootstrapping Spring Data repositories in DEFAULT mode.
2019-03-30 13:18:42.161  INFO 11986 --- [           main] .s.d.r.c.RepositoryConfigurationDelegate : Finished Spring Data repository scanning in 36ms. Found 4 repository interfaces.
2019-03-30 13:18:43.059  INFO 11986 --- [           main] trationDelegate$BeanPostProcessorChecker : Bean 'org.springframework.transaction.annotation.ProxyTransactionManagementConfiguration' of type [org.springframework.transaction.annotation.ProxyTransactionManagementConfiguration$$EnhancerBySpringCGLIB$$fc02af19] is not eligible for getting processed by all BeanPostProcessors (for example: not eligible for auto-proxying)
2019-03-30 13:18:43.788  INFO 11986 --- [           main] org.ehcache.core.EhcacheManager          : Cache 'vets' created in EhcacheManager.
2019-03-30 13:18:43.813  INFO 11986 --- [           main] org.ehcache.jsr107.Eh107CacheManager     : Registering Ehcache MBean javax.cache:type=CacheStatistics,CacheManager=urn.X-ehcache.jsr107-default-config,Cache=vets
2019-03-30 13:18:43.856  INFO 11986 --- [           main] org.ehcache.jsr107.Eh107CacheManager     : Registering Ehcache MBean javax.cache:type=CacheStatistics,CacheManager=urn.X-ehcache.jsr107-default-config,Cache=vets
2019-03-30 13:18:44.101  INFO 11986 --- [           main] com.zaxxer.hikari.HikariDataSource       : HikariPool-1 - Starting...
2019-03-30 13:18:44.113  WARN 11986 --- [           main] com.zaxxer.hikari.util.DriverDataSource  : Registered driver with driverClassName=com.mysql.jdbc.Driver was not found, trying direct instantiation.
2019-03-30 13:18:45.164  INFO 11986 --- [           main] com.zaxxer.hikari.HikariDataSource       : HikariPool-1 - Start completed.
2019-03-30 13:18:45.228  INFO 11986 --- [           main] o.hibernate.jpa.internal.util.LogHelper  : HHH000204: Processing PersistenceUnitInfo [
	name: default
	...]
2019-03-30 13:18:45.248  INFO 11986 --- [           main] org.hibernate.dialect.Dialect            : HHH000400: Using dialect: org.hibernate.dialect.MySQL5InnoDBDialect
2019-03-30 13:18:45.583  INFO 11986 --- [           main] j.LocalContainerEntityManagerFactoryBean : Initialized JPA EntityManagerFactory for persistence unit 'default'
2019-03-30 13:18:45.739  INFO 11986 --- [           main] o.h.h.i.QueryTranslatorFactoryInitiator  : HHH000397: Using ASTQueryTranslatorFactory
2019-03-30 13:18:47.030  INFO 11986 --- [           main] o.s.s.concurrent.ThreadPoolTaskExecutor  : Initializing ExecutorService 'applicationTaskExecutor'
2019-03-30 13:18:47.071  WARN 11986 --- [           main] aWebConfiguration$JpaWebMvcConfiguration : spring.jpa.open-in-view is enabled by default. Therefore, database queries may be performed during view rendering. Explicitly configure spring.jpa.open-in-view to disable this warning
2019-03-30 13:18:48.794  INFO 11986 --- [           main] o.s.b.a.e.web.EndpointLinksResolver      : Exposing 2 endpoint(s) beneath base path '/actuator'
2019-03-30 13:18:48.911  INFO 11986 --- [           main] o.s.s.p.PetclinicIntegrationTests        : Started PetclinicIntegrationTests in 8.378 seconds (JVM running for 39.776)
Hibernate: select vet0_.id as id1_5_, vet0_.first_name as first_na2_5_, vet0_.last_name as last_nam3_5_ from vets vet0_
2019-03-30 13:18:49.097  WARN 11986 --- [           main] o.h.engine.jdbc.spi.SqlExceptionHelper   : SQL Error: 1146, SQLState: 42S02
2019-03-30 13:18:49.100 ERROR 11986 --- [           main] o.h.engine.jdbc.spi.SqlExceptionHelper   : Table 'petclinic.vets' doesn't exist
]]></system-out>
    <system-err><![CDATA[Loading class `com.mysql.jdbc.Driver'. This is deprecated. The new driver class is `com.mysql.cj.jdbc.Driver'. The driver is automatically registered via the SPI and manual loading of the driver class is generally unnecessary.
]]></system-err>
  </testcase>
</testsuite>